<?xml version="1.0" encoding="UTF-8"?>
<coverage generated="1601671772141" clover="3.2.0">
  <project timestamp="1601671772141" name="All files">
    <metrics statements="40" coveredstatements="35" conditionals="6" coveredconditionals="4" methods="19" coveredmethods="13" elements="65" coveredelements="52" complexity="0" loc="40" ncloc="40" packages="1" files="5" classes="5"/>
    <file name="Pet.js" path="/Users/lukehowsam/srv/dev/intermediate-react-v2/jest-and-react-testing-library/src/Pet.js">
      <metrics statements="6" coveredstatements="6" conditionals="2" coveredconditionals="1" methods="1" coveredmethods="1"/>
      <line num="4" count="1" type="stmt"/>
      <line num="5" count="20" type="stmt"/>
      <line num="7" count="20" type="stmt"/>
      <line num="8" count="20" type="cond" truecount="1" falsecount="1"/>
      <line num="9" count="20" type="stmt"/>
      <line num="12" count="20" type="stmt"/>
    </file>
    <file name="Results.js" path="/Users/lukehowsam/srv/dev/intermediate-react-v2/jest-and-react-testing-library/src/Results.js">
      <metrics statements="3" coveredstatements="3" conditionals="2" coveredconditionals="2" methods="2" coveredmethods="2"/>
      <line num="4" count="1" type="stmt"/>
      <line num="5" count="3" type="stmt"/>
      <line num="11" count="20" type="stmt"/>
    </file>
    <file name="SearchParams.js" path="/Users/lukehowsam/srv/dev/intermediate-react-v2/jest-and-react-testing-library/src/SearchParams.js">
      <metrics statements="21" coveredstatements="18" conditionals="2" coveredconditionals="1" methods="10" coveredmethods="7"/>
      <line num="7" count="1" type="stmt"/>
      <line num="8" count="3" type="stmt"/>
      <line num="9" count="3" type="stmt"/>
      <line num="10" count="3" type="stmt"/>
      <line num="11" count="3" type="stmt"/>
      <line num="12" count="3" type="stmt"/>
      <line num="13" count="3" type="stmt"/>
      <line num="16" count="1" type="stmt"/>
      <line num="23" count="1" type="cond" truecount="1" falsecount="1"/>
      <line num="27" count="3" type="stmt"/>
      <line num="28" count="1" type="stmt"/>
      <line num="29" count="1" type="stmt"/>
      <line num="31" count="1" type="stmt"/>
      <line num="32" count="5" type="stmt"/>
      <line num="33" count="1" type="stmt"/>
      <line num="37" count="3" type="stmt"/>
      <line num="41" count="1" type="stmt"/>
      <line num="42" count="1" type="stmt"/>
      <line num="51" count="0" type="stmt"/>
      <line num="60" count="0" type="stmt"/>
      <line num="61" count="0" type="stmt"/>
    </file>
    <file name="ThemeContext.js" path="/Users/lukehowsam/srv/dev/intermediate-react-v2/jest-and-react-testing-library/src/ThemeContext.js">
      <metrics statements="1" coveredstatements="1" conditionals="0" coveredconditionals="0" methods="1" coveredmethods="0"/>
      <line num="3" count="1" type="stmt"/>
    </file>
    <file name="useDropdown.js" path="/Users/lukehowsam/srv/dev/intermediate-react-v2/jest-and-react-testing-library/src/useDropdown.js">
      <metrics statements="9" coveredstatements="7" conditionals="0" coveredconditionals="0" methods="5" coveredmethods="3"/>
      <line num="3" count="1" type="stmt"/>
      <line num="4" count="6" type="stmt"/>
      <line num="5" count="6" type="stmt"/>
      <line num="6" count="6" type="stmt"/>
      <line num="7" count="6" type="stmt"/>
      <line num="13" count="0" type="stmt"/>
      <line num="14" count="0" type="stmt"/>
      <line num="19" count="19" type="stmt"/>
      <line num="26" count="6" type="stmt"/>
    </file>
  </project>
</coverage>
