{"/Users/lukehowsam/srv/dev/intermediate-react-v2/jest-and-react-testing-library/src/Pet.js": {"path":"/Users/lukehowsam/srv/dev/intermediate-react-v2/jest-and-react-testing-library/src/Pet.js","statementMap":{"0":{"start":{"line":4,"column":12},"end":{"line":23,"column":1}},"1":{"start":{"line":5,"column":55},"end":{"line":5,"column":60}},"2":{"start":{"line":7,"column":13},"end":{"line":7,"column":44}},"3":{"start":{"line":8,"column":2},"end":{"line":10,"column":3}},"4":{"start":{"line":9,"column":4},"end":{"line":9,"column":26}},"5":{"start":{"line":12,"column":2},"end":{"line":22,"column":4}}},"fnMap":{"0":{"name":"(anonymous_0)","decl":{"start":{"line":4,"column":12},"end":{"line":4,"column":13}},"loc":{"start":{"line":4,"column":21},"end":{"line":23,"column":1}},"line":4}},"branchMap":{"0":{"loc":{"start":{"line":8,"column":2},"end":{"line":10,"column":3}},"type":"if","locations":[{"start":{"line":8,"column":2},"end":{"line":10,"column":3}},{"start":{"line":8,"column":2},"end":{"line":10,"column":3}}],"line":8}},"s":{"0":1,"1":20,"2":20,"3":20,"4":20,"5":20},"f":{"0":20},"b":{"0":[20,0]},"_coverageSchema":"1a1c01bbd47fc00a2c39e90264f33305004495a9","hash":"f6508085bd9dd749bfac5e737a8372b4bca86af1"}
,"/Users/lukehowsam/srv/dev/intermediate-react-v2/jest-and-react-testing-library/src/Results.js": {"path":"/Users/lukehowsam/srv/dev/intermediate-react-v2/jest-and-react-testing-library/src/Results.js","statementMap":{"0":{"start":{"line":4,"column":16},"end":{"line":28,"column":1}},"1":{"start":{"line":5,"column":2},"end":{"line":27,"column":4}},"2":{"start":{"line":11,"column":10},"end":{"line":23,"column":12}}},"fnMap":{"0":{"name":"(anonymous_0)","decl":{"start":{"line":4,"column":16},"end":{"line":4,"column":17}},"loc":{"start":{"line":4,"column":30},"end":{"line":28,"column":1}},"line":4},"1":{"name":"(anonymous_1)","decl":{"start":{"line":10,"column":17},"end":{"line":10,"column":18}},"loc":{"start":{"line":10,"column":24},"end":{"line":24,"column":9}},"line":10}},"branchMap":{"0":{"loc":{"start":{"line":7,"column":7},"end":{"line":25,"column":7}},"type":"cond-expr","locations":[{"start":{"line":8,"column":8},"end":{"line":8,"column":30}},{"start":{"line":10,"column":8},"end":{"line":24,"column":10}}],"line":7}},"s":{"0":1,"1":3,"2":20},"f":{"0":3,"1":20},"b":{"0":[2,1]},"_coverageSchema":"1a1c01bbd47fc00a2c39e90264f33305004495a9","hash":"fb2b00221b2154c6b33c813f45dd1ccef682a6cc"}
,"/Users/lukehowsam/srv/dev/intermediate-react-v2/jest-and-react-testing-library/src/SearchParams.js": {"path":"/Users/lukehowsam/srv/dev/intermediate-react-v2/jest-and-react-testing-library/src/SearchParams.js","statementMap":{"0":{"start":{"line":7,"column":21},"end":{"line":74,"column":1}},"1":{"start":{"line":8,"column":28},"end":{"line":8,"column":52}},"2":{"start":{"line":9,"column":37},"end":{"line":9,"column":60}},"3":{"start":{"line":10,"column":33},"end":{"line":10,"column":45}},"4":{"start":{"line":11,"column":26},"end":{"line":11,"column":38}},"5":{"start":{"line":12,"column":35},"end":{"line":12,"column":72}},"6":{"start":{"line":13,"column":46},"end":{"line":13,"column":78}},"7":{"start":{"line":16,"column":4},"end":{"line":24,"column":9}},"8":{"start":{"line":23,"column":8},"end":{"line":23,"column":31}},"9":{"start":{"line":27,"column":2},"end":{"line":35,"column":15}},"10":{"start":{"line":28,"column":4},"end":{"line":28,"column":21}},"11":{"start":{"line":29,"column":4},"end":{"line":29,"column":20}},"12":{"start":{"line":31,"column":4},"end":{"line":34,"column":22}},"13":{"start":{"line":32,"column":27},"end":{"line":32,"column":57}},"14":{"start":{"line":32,"column":52},"end":{"line":32,"column":56}},"15":{"start":{"line":33,"column":6},"end":{"line":33,"column":33}},"16":{"start":{"line":37,"column":2},"end":{"line":73,"column":4}},"17":{"start":{"line":41,"column":10},"end":{"line":41,"column":29}},"18":{"start":{"line":42,"column":10},"end":{"line":42,"column":24}},"19":{"start":{"line":51,"column":27},"end":{"line":51,"column":57}},"20":{"start":{"line":60,"column":27},"end":{"line":60,"column":51}},"21":{"start":{"line":61,"column":25},"end":{"line":61,"column":49}}},"fnMap":{"0":{"name":"(anonymous_0)","decl":{"start":{"line":7,"column":21},"end":{"line":7,"column":22}},"loc":{"start":{"line":7,"column":27},"end":{"line":74,"column":1}},"line":7},"1":{"name":"requestPets","decl":{"start":{"line":15,"column":11},"end":{"line":15,"column":22}},"loc":{"start":{"line":15,"column":25},"end":{"line":25,"column":3}},"line":15},"2":{"name":"(anonymous_2)","decl":{"start":{"line":22,"column":12},"end":{"line":22,"column":13}},"loc":{"start":{"line":22,"column":29},"end":{"line":24,"column":7}},"line":22},"3":{"name":"(anonymous_3)","decl":{"start":{"line":27,"column":12},"end":{"line":27,"column":13}},"loc":{"start":{"line":27,"column":18},"end":{"line":35,"column":3}},"line":27},"4":{"name":"(anonymous_4)","decl":{"start":{"line":31,"column":28},"end":{"line":31,"column":29}},"loc":{"start":{"line":31,"column":44},"end":{"line":34,"column":5}},"line":31},"5":{"name":"(anonymous_5)","decl":{"start":{"line":32,"column":38},"end":{"line":32,"column":39}},"loc":{"start":{"line":32,"column":52},"end":{"line":32,"column":56}},"line":32},"6":{"name":"(anonymous_6)","decl":{"start":{"line":40,"column":18},"end":{"line":40,"column":19}},"loc":{"start":{"line":40,"column":23},"end":{"line":43,"column":9}},"line":40},"7":{"name":"(anonymous_7)","decl":{"start":{"line":51,"column":22},"end":{"line":51,"column":23}},"loc":{"start":{"line":51,"column":27},"end":{"line":51,"column":57}},"line":51},"8":{"name":"(anonymous_8)","decl":{"start":{"line":60,"column":22},"end":{"line":60,"column":23}},"loc":{"start":{"line":60,"column":27},"end":{"line":60,"column":51}},"line":60},"9":{"name":"(anonymous_9)","decl":{"start":{"line":61,"column":20},"end":{"line":61,"column":21}},"loc":{"start":{"line":61,"column":25},"end":{"line":61,"column":49}},"line":61}},"branchMap":{"0":{"loc":{"start":{"line":23,"column":16},"end":{"line":23,"column":29}},"type":"binary-expr","locations":[{"start":{"line":23,"column":16},"end":{"line":23,"column":23}},{"start":{"line":23,"column":27},"end":{"line":23,"column":29}}],"line":23}},"s":{"0":1,"1":3,"2":3,"3":3,"4":3,"5":3,"6":3,"7":1,"8":1,"9":3,"10":1,"11":1,"12":1,"13":1,"14":5,"15":1,"16":3,"17":1,"18":1,"19":0,"20":0,"21":0},"f":{"0":3,"1":1,"2":1,"3":1,"4":1,"5":5,"6":1,"7":0,"8":0,"9":0},"b":{"0":[1,0]},"_coverageSchema":"1a1c01bbd47fc00a2c39e90264f33305004495a9","hash":"07826a12778ba26bb4438da8d4087053799bd834"}
,"/Users/lukehowsam/srv/dev/intermediate-react-v2/jest-and-react-testing-library/src/ThemeContext.js": {"path":"/Users/lukehowsam/srv/dev/intermediate-react-v2/jest-and-react-testing-library/src/ThemeContext.js","statementMap":{"0":{"start":{"line":3,"column":21},"end":{"line":3,"column":55}}},"fnMap":{"0":{"name":"(anonymous_0)","decl":{"start":{"line":3,"column":45},"end":{"line":3,"column":46}},"loc":{"start":{"line":3,"column":51},"end":{"line":3,"column":53}},"line":3}},"branchMap":{},"s":{"0":1},"f":{"0":0},"b":{},"_coverageSchema":"1a1c01bbd47fc00a2c39e90264f33305004495a9","hash":"02de359bad3ed2b82815904515f3160152f82746"}
,"/Users/lukehowsam/srv/dev/intermediate-react-v2/jest-and-react-testing-library/src/useDropdown.js": {"path":"/Users/lukehowsam/srv/dev/intermediate-react-v2/jest-and-react-testing-library/src/useDropdown.js","statementMap":{"0":{"start":{"line":3,"column":20},"end":{"line":27,"column":1}},"1":{"start":{"line":4,"column":31},"end":{"line":4,"column":53}},"2":{"start":{"line":5,"column":13},"end":{"line":5,"column":67}},"3":{"start":{"line":6,"column":19},"end":{"line":25,"column":3}},"4":{"start":{"line":7,"column":4},"end":{"line":24,"column":12}},"5":{"start":{"line":13,"column":23},"end":{"line":13,"column":50}},"6":{"start":{"line":14,"column":21},"end":{"line":14,"column":48}},"7":{"start":{"line":19,"column":10},"end":{"line":21,"column":19}},"8":{"start":{"line":26,"column":2},"end":{"line":26,"column":40}}},"fnMap":{"0":{"name":"(anonymous_0)","decl":{"start":{"line":3,"column":20},"end":{"line":3,"column":21}},"loc":{"start":{"line":3,"column":54},"end":{"line":27,"column":1}},"line":3},"1":{"name":"(anonymous_1)","decl":{"start":{"line":6,"column":19},"end":{"line":6,"column":20}},"loc":{"start":{"line":7,"column":4},"end":{"line":24,"column":12}},"line":7},"2":{"name":"(anonymous_2)","decl":{"start":{"line":13,"column":18},"end":{"line":13,"column":19}},"loc":{"start":{"line":13,"column":23},"end":{"line":13,"column":50}},"line":13},"3":{"name":"(anonymous_3)","decl":{"start":{"line":14,"column":16},"end":{"line":14,"column":17}},"loc":{"start":{"line":14,"column":21},"end":{"line":14,"column":48}},"line":14},"4":{"name":"(anonymous_4)","decl":{"start":{"line":18,"column":21},"end":{"line":18,"column":22}},"loc":{"start":{"line":19,"column":10},"end":{"line":21,"column":19}},"line":19}},"branchMap":{},"s":{"0":1,"1":6,"2":6,"3":6,"4":6,"5":0,"6":0,"7":19,"8":6},"f":{"0":6,"1":6,"2":0,"3":0,"4":19},"b":{},"_coverageSchema":"1a1c01bbd47fc00a2c39e90264f33305004495a9","hash":"e453bd83f288ff5ac1f503cb0278cc8a0f903286"}
}
