TN:
SF:src/Pet.js
FN:4,(anonymous_0)
FNF:1
FNH:1
FNDA:20,(anonymous_0)
DA:4,1
DA:5,20
DA:7,20
DA:8,20
DA:9,20
DA:12,20
LF:6
LH:6
BRDA:8,0,0,20
BRDA:8,0,1,0
BRF:2
BRH:1
end_of_record
TN:
SF:src/Results.js
FN:4,(anonymous_0)
FN:10,(anonymous_1)
FNF:2
FNH:2
FNDA:3,(anonymous_0)
FNDA:20,(anonymous_1)
DA:4,1
DA:5,3
DA:11,20
LF:3
LH:3
BRDA:7,0,0,2
BRDA:7,0,1,1
BRF:2
BRH:2
end_of_record
TN:
SF:src/SearchParams.js
FN:7,(anonymous_0)
FN:15,requestPets
FN:22,(anonymous_2)
FN:27,(anonymous_3)
FN:31,(anonymous_4)
FN:32,(anonymous_5)
FN:40,(anonymous_6)
FN:51,(anonymous_7)
FN:60,(anonymous_8)
FN:61,(anonymous_9)
FNF:10
FNH:7
FNDA:3,(anonymous_0)
FNDA:1,requestPets
FNDA:1,(anonymous_2)
FNDA:1,(anonymous_3)
FNDA:1,(anonymous_4)
FNDA:5,(anonymous_5)
FNDA:1,(anonymous_6)
FNDA:0,(anonymous_7)
FNDA:0,(anonymous_8)
FNDA:0,(anonymous_9)
DA:7,1
DA:8,3
DA:9,3
DA:10,3
DA:11,3
DA:12,3
DA:13,3
DA:16,1
DA:23,1
DA:27,3
DA:28,1
DA:29,1
DA:31,1
DA:32,5
DA:33,1
DA:37,3
DA:41,1
DA:42,1
DA:51,0
DA:60,0
DA:61,0
LF:21
LH:18
BRDA:23,0,0,1
BRDA:23,0,1,0
BRF:2
BRH:1
end_of_record
TN:
SF:src/ThemeContext.js
FN:3,(anonymous_0)
FNF:1
FNH:0
FNDA:0,(anonymous_0)
DA:3,1
LF:1
LH:1
BRF:0
BRH:0
end_of_record
TN:
SF:src/useDropdown.js
FN:3,(anonymous_0)
FN:6,(anonymous_1)
FN:13,(anonymous_2)
FN:14,(anonymous_3)
FN:18,(anonymous_4)
FNF:5
FNH:3
FNDA:6,(anonymous_0)
FNDA:6,(anonymous_1)
FNDA:0,(anonymous_2)
FNDA:0,(anonymous_3)
FNDA:19,(anonymous_4)
DA:3,1
DA:4,6
DA:5,6
DA:6,6
DA:7,6
DA:13,0
DA:14,0
DA:19,19
DA:26,6
LF:9
LH:7
BRF:0
BRH:0
end_of_record
